[2019-05-08 15:45:30][default]ProcessBai start
[2019-05-08 15:45:35][default]ProcessBai run
[2019-05-08 15:45:40][default]ProcessBai run
[2019-05-08 15:45:45][default]ProcessBai run
[2019-05-08 15:45:50][default]ProcessBai run
[2019-05-08 15:45:55][default]ProcessBai run
[2019-05-08 15:46:00][default]ProcessBai run
[2019-05-08 15:46:05][default]ProcessBai run
[2019-05-08 15:46:10][default]ProcessBai run
[2019-05-08 15:46:15][default]ProcessBai run
[2019-05-08 15:46:20][default]ProcessBai run
[2019-05-08 15:46:25][default]ProcessBai run
[2019-05-08 15:46:30][default]ProcessBai run
[2019-05-08 15:46:35][default]ProcessBai run
[2019-05-08 15:46:40][default]ProcessBai run
[2019-05-08 15:46:45][default]ProcessBai run
[2019-05-08 15:46:50][default]ProcessBai run
[2019-05-08 15:46:55][default]ProcessBai run
[2019-05-08 15:47:00][default]ProcessBai run
[2019-05-08 15:47:05][default]ProcessBai run
[2019-05-08 15:47:10][default]ProcessBai run
[2019-05-08 15:47:15][default]ProcessBai run
[2019-05-08 15:47:20][default]ProcessBai run
[2019-05-08 15:47:26][default]ProcessBai run
[2019-05-08 15:47:31][default]ProcessBai run
[2019-05-08 15:47:36][default]ProcessBai run
[2019-05-08 15:47:41][default]ProcessBai run
[2019-05-08 15:47:46][default]ProcessBai run
[2019-05-08 15:47:51][default]ProcessBai run
[2019-05-08 15:47:56][default]ProcessBai run
[2019-05-08 15:48:01][default]ProcessBai run
[2019-05-08 15:48:06][default]ProcessBai run
[2019-05-08 15:48:11][default]ProcessBai run
[2019-05-08 15:48:16][default]ProcessBai run
[2019-05-08 15:48:21][default]ProcessBai run
[2019-05-08 15:48:26][default]ProcessBai run
[2019-05-08 15:48:31][default]ProcessBai run
[2019-05-08 15:48:36][default]ProcessBai run
[2019-05-08 15:48:41][default]ProcessBai run
[2019-05-08 15:48:46][default]ProcessBai run
[2019-05-08 15:48:51][default]ProcessBai run
[2019-05-08 15:48:56][default]ProcessBai run
[2019-05-08 15:49:01][default]ProcessBai run
[2019-05-08 15:49:06][default]ProcessBai run
[2019-05-08 15:49:11][default]ProcessBai run
[2019-05-08 15:49:16][default]ProcessBai run
[2019-05-08 15:49:21][default]ProcessBai run
[2019-05-08 15:49:26][default]ProcessBai run
[2019-05-08 15:49:31][default]ProcessBai run
[2019-05-08 15:49:36][default]ProcessBai run
[2019-05-08 15:49:41][default]ProcessBai run
[2019-05-08 15:49:46][default]ProcessBai run
[2019-05-08 15:49:51][default]ProcessBai run
[2019-05-08 15:49:56][default]ProcessBai run
[2019-05-08 15:50:01][default]ProcessBai run
[2019-05-08 15:50:06][default]ProcessBai run
[2019-05-08 15:50:11][default]ProcessBai run
[2019-05-08 15:50:17][default]ProcessBai run
[2019-05-08 15:50:22][default]ProcessBai run
[2019-05-08 15:50:27][default]ProcessBai run
[2019-05-08 15:50:32][default]ProcessBai run
[2019-05-08 15:50:37][default]ProcessBai run
[2019-05-08 15:50:42][default]ProcessBai run
[2019-05-08 15:50:47][default]ProcessBai run
[2019-05-08 15:50:52][default]ProcessBai run
[2019-05-08 15:50:57][default]ProcessBai run
[2019-05-08 15:51:02][default]ProcessBai run
[2019-05-08 15:51:07][default]ProcessBai run
[2019-05-08 15:51:12][default]ProcessBai run
[2019-05-08 15:51:17][default]ProcessBai run
[2019-05-08 15:51:22][default]ProcessBai run
[2019-05-08 15:51:27][default]ProcessBai run
[2019-05-08 15:51:32][default]ProcessBai run
[2019-05-08 15:51:37][default]ProcessBai run
[2019-05-08 15:51:42][default]ProcessBai run
[2019-05-08 15:51:47][default]ProcessBai run
[2019-05-08 15:51:52][default]ProcessBai run
[2019-05-08 15:51:57][default]ProcessBai run
[2019-05-08 15:52:02][default]ProcessBai run
[2019-05-08 15:52:07][default]ProcessBai run
[2019-05-08 15:52:12][default]ProcessBai run
[2019-05-08 15:52:17][default]ProcessBai run
[2019-05-08 15:52:22][default]ProcessBai run
[2019-05-08 15:52:27][default]ProcessBai run
[2019-05-08 15:52:32][default]ProcessBai run
[2019-05-08 15:52:37][default]ProcessBai run
[2019-05-08 15:52:42][default]ProcessBai run
[2019-05-08 15:52:47][default]ProcessBai run
[2019-05-08 15:52:52][default]ProcessBai run
[2019-05-08 15:52:57][default]ProcessBai run
[2019-05-08 15:53:02][default]ProcessBai run
[2019-05-08 15:53:07][default]ProcessBai run
[2019-05-08 15:53:12][default]ProcessBai run
[2019-05-08 15:53:17][default]ProcessBai run
[2019-05-08 15:53:22][default]ProcessBai run
[2019-05-08 15:53:27][default]ProcessBai run
[2019-05-08 15:53:32][default]ProcessBai run
[2019-05-08 15:53:37][default]ProcessBai run
[2019-05-08 15:53:42][default]ProcessBai run
[2019-05-08 15:53:47][default]ProcessBai run
[2019-05-08 15:53:52][default]ProcessBai run
[2019-05-08 15:53:57][default]ProcessBai run
[2019-05-08 15:54:02][default]ProcessBai run
[2019-05-08 15:54:07][default]ProcessBai run
[2019-05-08 15:54:12][default]ProcessBai run
[2019-05-08 15:54:17][default]ProcessBai run
[2019-05-08 15:54:22][default]ProcessBai run
[2019-05-08 15:54:28][default]ProcessBai run
[2019-05-08 15:54:33][default]ProcessBai run
[2019-05-08 15:54:38][default]ProcessBai run
[2019-05-08 15:54:43][default]ProcessBai run
[2019-05-08 15:54:48][default]ProcessBai run
[2019-05-08 15:54:53][default]ProcessBai run
[2019-05-08 15:54:58][default]ProcessBai run
[2019-05-08 15:55:03][default]ProcessBai run
[2019-05-08 15:55:08][default]ProcessBai run
[2019-05-08 15:55:13][default]ProcessBai run
[2019-05-08 15:55:18][default]ProcessBai run
[2019-05-08 15:55:23][default]ProcessBai run
[2019-05-08 15:55:28][default]ProcessBai run
[2019-05-08 15:55:33][default]ProcessBai run
[2019-05-08 15:55:38][default]ProcessBai run
[2019-05-08 15:55:43][default]ProcessBai run
[2019-05-08 15:55:48][default]ProcessBai run
[2019-05-08 15:55:53][default]ProcessBai run
[2019-05-08 15:55:58][default]ProcessBai run
[2019-05-08 15:56:03][default]ProcessBai run
[2019-05-08 15:56:08][default]ProcessBai run
[2019-05-08 15:56:13][default]ProcessBai run
[2019-05-08 15:56:18][default]ProcessBai run
[2019-05-08 15:56:23][default]ProcessBai run
[2019-05-08 15:56:28][default]ProcessBai run
[2019-05-08 15:56:33][default]ProcessBai run
[2019-05-08 15:56:38][default]ProcessBai run
[2019-05-08 15:56:43][default]ProcessBai run
[2019-05-08 15:56:48][default]ProcessBai run
[2019-05-08 15:56:53][default]ProcessBai run
[2019-05-08 15:56:58][default]ProcessBai run
[2019-05-08 15:57:03][default]ProcessBai run
[2019-05-08 15:57:08][default]ProcessBai run
[2019-05-08 15:57:13][default]ProcessBai run
[2019-05-08 15:57:18][default]ProcessBai run
[2019-05-08 15:57:23][default]ProcessBai run
[2019-05-08 15:57:28][default]ProcessBai run
[2019-05-08 15:57:33][default]ProcessBai run
[2019-05-08 15:57:38][default]ProcessBai run
[2019-05-08 15:57:43][default]ProcessBai run
[2019-05-08 15:57:48][default]ProcessBai run
[2019-05-08 15:57:53][default]ProcessBai run
[2019-05-08 15:57:58][default]ProcessBai run
[2019-05-08 15:58:03][default]ProcessBai run
[2019-05-08 15:58:09][default]ProcessBai run
[2019-05-08 15:58:14][default]ProcessBai run
[2019-05-08 15:58:19][default]ProcessBai run
[2019-05-08 15:58:24][default]ProcessBai run
[2019-05-08 15:58:29][default]ProcessBai run
[2019-05-08 15:58:34][default]ProcessBai run
[2019-05-08 15:58:39][default]ProcessBai run
[2019-05-08 15:58:44][default]ProcessBai run
[2019-05-08 15:58:49][default]ProcessBai run
[2019-05-08 15:58:54][default]ProcessBai run
[2019-05-08 15:58:59][default]ProcessBai run
[2019-05-08 15:59:04][default]ProcessBai run
[2019-05-08 15:59:09][default]ProcessBai run
[2019-05-08 15:59:14][default]ProcessBai run
[2019-05-08 15:59:19][default]ProcessBai run
[2019-05-08 15:59:24][default]ProcessBai run
[2019-05-08 15:59:29][default]ProcessBai run
[2019-05-08 15:59:35][default]ProcessBai run
[2019-05-08 15:59:40][default]ProcessBai run
[2019-05-08 15:59:45][default]ProcessBai run
[2019-05-08 15:59:50][default]ProcessBai run
[2019-05-08 15:59:55][default]ProcessBai run
[2019-05-08 16:00:00][default]ProcessBai run
[2019-05-08 16:00:05][default]ProcessBai run
[2019-05-08 16:00:10][default]ProcessBai run
[2019-05-08 16:00:15][default]ProcessBai run
[2019-05-08 16:00:20][default]ProcessBai run
[2019-05-08 16:00:25][default]ProcessBai run
[2019-05-08 16:00:30][default]ProcessBai run
[2019-05-08 16:00:35][default]ProcessBai run
[2019-05-08 16:00:40][default]ProcessBai run
[2019-05-08 16:00:45][default]ProcessBai run
[2019-05-08 16:00:50][default]ProcessBai run
[2019-05-08 16:00:55][default]ProcessBai run
[2019-05-08 16:01:00][default]ProcessBai run
[2019-05-08 16:01:05][default]ProcessBai run
[2019-05-08 16:01:10][default]ProcessBai run
[2019-05-08 16:01:15][default]ProcessBai run
[2019-05-08 16:01:20][default]ProcessBai run
[2019-05-08 16:01:25][default]ProcessBai run
[2019-05-08 16:01:30][default]ProcessBai run
[2019-05-08 16:01:35][default]ProcessBai run
[2019-05-08 16:01:40][default]ProcessBai run
[2019-05-08 16:01:45][default]ProcessBai run
[2019-05-08 16:01:50][default]ProcessBai run
[2019-05-08 16:01:55][default]ProcessBai run
[2019-05-08 16:02:00][default]ProcessBai run
[2019-05-08 16:02:05][default]ProcessBai run
[2019-05-08 16:02:10][default]ProcessBai run
[2019-05-08 16:02:15][default]ProcessBai run
[2019-05-08 16:02:20][default]ProcessBai run
[2019-05-08 16:02:25][default]ProcessBai run
[2019-05-08 16:02:30][default]ProcessBai run
[2019-05-08 16:02:35][default]ProcessBai run
[2019-05-08 16:02:40][default]ProcessBai run
[2019-05-08 16:02:45][default]ProcessBai run
[2019-05-08 16:02:50][default]ProcessBai run
[2019-05-08 16:02:55][default]ProcessBai run
[2019-05-08 16:03:00][default]ProcessBai run
[2019-05-08 16:03:05][default]ProcessBai run
[2019-05-08 16:03:10][default]ProcessBai run
[2019-05-08 16:03:15][default]ProcessBai run
[2019-05-08 16:03:20][default]ProcessBai run
[2019-05-08 16:03:25][default]ProcessBai run
[2019-05-08 16:03:30][default]ProcessBai run
[2019-05-08 16:03:35][default]ProcessBai run
[2019-05-08 16:03:40][default]ProcessBai run
[2019-05-08 16:03:46][default]ProcessBai run
[2019-05-08 16:03:51][default]ProcessBai run
[2019-05-08 16:03:56][default]ProcessBai run
[2019-05-08 16:04:01][default]ProcessBai run
[2019-05-08 16:04:06][default]ProcessBai run
[2019-05-08 16:04:11][default]ProcessBai run
[2019-05-08 16:04:16][default]ProcessBai run
[2019-05-08 16:04:21][default]ProcessBai run
[2019-05-08 16:04:26][default]ProcessBai run
[2019-05-08 16:04:31][default]ProcessBai run
[2019-05-08 16:04:36][default]ProcessBai run
[2019-05-08 16:04:41][default]ProcessBai run
[2019-05-08 16:04:46][default]ProcessBai run
[2019-05-08 16:04:51][default]ProcessBai run
[2019-05-08 16:04:56][default]ProcessBai run
[2019-05-08 16:05:01][default]ProcessBai run
[2019-05-08 16:05:06][default]ProcessBai run
[2019-05-08 16:05:11][default]ProcessBai run
[2019-05-08 16:05:16][default]ProcessBai run
[2019-05-08 16:05:21][default]ProcessBai run
[2019-05-08 16:05:26][default]ProcessBai run
[2019-05-08 16:05:31][default]ProcessBai run
[2019-05-08 16:05:36][default]ProcessBai run
[2019-05-08 16:05:41][default]ProcessBai run
[2019-05-08 16:05:46][default]ProcessBai run
[2019-05-08 16:05:51][default]ProcessBai run
[2019-05-08 16:05:56][default]ProcessBai run
[2019-05-08 16:06:01][default]ProcessBai run
[2019-05-08 16:06:06][default]ProcessBai run
[2019-05-08 16:06:11][default]ProcessBai run
[2019-05-08 16:06:17][default]ProcessBai run
[2019-05-08 16:06:22][default]ProcessBai run
[2019-05-08 16:06:27][default]ProcessBai run
[2019-05-08 16:06:32][default]ProcessBai run
[2019-05-08 16:06:37][default]ProcessBai run
[2019-05-08 16:06:42][default]ProcessBai run
[2019-05-08 16:06:47][default]ProcessBai run
[2019-05-08 16:06:52][default]ProcessBai run
[2019-05-08 16:06:57][default]ProcessBai run
[2019-05-08 16:07:02][default]ProcessBai run
[2019-05-08 16:07:07][default]ProcessBai run
[2019-05-08 16:07:12][default]ProcessBai run
[2019-05-08 16:07:17][default]ProcessBai run
[2019-05-08 16:07:22][default]ProcessBai run
[2019-05-08 16:07:27][default]ProcessBai run
[2019-05-08 16:07:32][default]ProcessBai run
[2019-05-08 16:07:37][default]ProcessBai run
[2019-05-08 16:07:42][default]ProcessBai run
[2019-05-08 16:07:47][default]ProcessBai run
[2019-05-08 16:07:52][default]ProcessBai run
[2019-05-08 16:07:57][default]ProcessBai run
[2019-05-08 16:08:02][default]ProcessBai run
[2019-05-08 16:08:07][default]ProcessBai run
[2019-05-08 16:08:12][default]ProcessBai run
[2019-05-08 16:08:17][default]ProcessBai run
[2019-05-08 16:08:22][default]ProcessBai run
[2019-05-08 16:08:27][default]ProcessBai run
[2019-05-08 16:08:32][default]ProcessBai run
[2019-05-08 16:08:37][default]ProcessBai run
[2019-05-08 16:08:42][default]ProcessBai run
[2019-05-08 16:08:47][default]ProcessBai run
[2019-05-08 16:08:52][default]ProcessBai run
[2019-05-08 16:08:57][default]ProcessBai run
[2019-05-08 16:09:02][default]ProcessBai run
[2019-05-08 16:09:07][default]ProcessBai run
[2019-05-08 16:09:12][default]ProcessBai run
[2019-05-08 16:09:17][default]ProcessBai run
[2019-05-08 16:09:22][default]ProcessBai run
[2019-05-08 16:09:27][default]ProcessBai run
[2019-05-08 16:09:33][default]ProcessBai run
[2019-05-08 16:09:38][default]ProcessBai run
[2019-05-08 16:09:43][default]ProcessBai run
[2019-05-08 16:09:48][default]ProcessBai run
[2019-05-08 16:09:53][default]ProcessBai run
[2019-05-08 16:09:58][default]ProcessBai run
[2019-05-08 16:10:03][default]ProcessBai run
[2019-05-08 16:10:08][default]ProcessBai run
[2019-05-08 16:10:13][default]ProcessBai run
[2019-05-08 16:10:18][default]ProcessBai run
[2019-05-08 16:10:23][default]ProcessBai run
[2019-05-08 16:10:28][default]ProcessBai run
[2019-05-08 16:10:33][default]ProcessBai run
[2019-05-08 16:10:38][default]ProcessBai run
[2019-05-08 16:10:43][default]ProcessBai run
[2019-05-08 16:10:48][default]ProcessBai run
[2019-05-08 16:10:53][default]ProcessBai run
[2019-05-08 16:10:58][default]ProcessBai run
[2019-05-08 16:11:03][default]ProcessBai run
[2019-05-08 16:11:08][default]ProcessBai run
[2019-05-08 16:11:13][default]ProcessBai run
[2019-05-08 16:11:18][default]ProcessBai run
[2019-05-08 16:11:23][default]ProcessBai run
[2019-05-08 16:11:28][default]ProcessBai run
[2019-05-08 16:11:33][default]ProcessBai run
[2019-05-08 16:11:38][default]ProcessBai run
[2019-05-08 16:11:43][default]ProcessBai run
[2019-05-08 16:11:48][default]ProcessBai run
[2019-05-08 16:11:53][default]ProcessBai run
[2019-05-08 16:11:58][default]ProcessBai run
[2019-05-08 16:12:03][default]ProcessBai run
[2019-05-08 16:12:08][default]ProcessBai run
[2019-05-08 16:12:13][default]ProcessBai run
[2019-05-08 16:12:18][default]ProcessBai run
[2019-05-08 16:12:24][default]ProcessBai run
[2019-05-08 16:12:29][default]ProcessBai run
[2019-05-08 16:12:34][default]ProcessBai run
[2019-05-08 16:12:39][default]ProcessBai run
[2019-05-08 16:12:44][default]ProcessBai run
[2019-05-08 16:12:49][default]ProcessBai run
[2019-05-08 16:12:54][default]ProcessBai run
[2019-05-08 16:12:59][default]ProcessBai run
[2019-05-08 16:13:04][default]ProcessBai run
[2019-05-08 16:13:09][default]ProcessBai run
[2019-05-08 16:13:14][default]ProcessBai run
[2019-05-08 16:13:19][default]ProcessBai run
[2019-05-08 16:13:24][default]ProcessBai run
[2019-05-08 16:13:29][default]ProcessBai run
[2019-05-08 16:13:34][default]ProcessBai run
[2019-05-08 16:13:39][default]ProcessBai run
[2019-05-08 16:13:44][default]ProcessBai run
[2019-05-08 16:13:49][default]ProcessBai run
[2019-05-08 16:13:54][default]ProcessBai run
[2019-05-08 16:13:59][default]ProcessBai run
[2019-05-08 16:14:04][default]ProcessBai run
[2019-05-08 16:14:09][default]ProcessBai run
[2019-05-08 16:14:14][default]ProcessBai run
[2019-05-08 16:14:19][default]ProcessBai run
[2019-05-08 16:14:24][default]ProcessBai run
[2019-05-08 16:14:29][default]ProcessBai run
[2019-05-08 16:14:34][default]ProcessBai run
[2019-05-08 16:14:39][default]ProcessBai run
[2019-05-08 16:14:44][default]ProcessBai run
[2019-05-08 16:14:49][default]ProcessBai run
[2019-05-08 16:14:54][default]ProcessBai run
[2019-05-08 16:14:59][default]ProcessBai run
[2019-05-08 16:15:04][default]ProcessBai run
[2019-05-08 16:15:09][default]ProcessBai run
[2019-05-08 16:15:14][default]ProcessBai run
[2019-05-08 16:15:19][default]ProcessBai run
[2019-05-08 16:15:24][default]ProcessBai run
[2019-05-08 16:15:29][default]ProcessBai run
[2019-05-08 16:15:34][default]ProcessBai run
[2019-05-08 16:15:39][default]ProcessBai run
[2019-05-08 16:15:45][default]ProcessBai run
[2019-05-08 16:15:50][default]ProcessBai run
[2019-05-08 16:15:55][default]ProcessBai run
[2019-05-08 16:16:00][default]ProcessBai run
[2019-05-08 16:16:05][default]ProcessBai run
[2019-05-08 16:16:10][default]ProcessBai run
[2019-05-08 16:16:15][default]ProcessBai run
[2019-05-08 16:16:20][default]ProcessBai run
[2019-05-08 16:16:25][default]ProcessBai run
[2019-05-08 16:16:30][default]ProcessBai run
[2019-05-08 16:16:35][default]ProcessBai run
[2019-05-08 16:16:40][default]ProcessBai run
[2019-05-08 16:16:45][default]ProcessBai run
[2019-05-08 16:16:50][default]ProcessBai run
[2019-05-08 16:16:55][default]ProcessBai run
[2019-05-08 16:17:00][default]ProcessBai run
[2019-05-08 16:17:05][default]ProcessBai run
[2019-05-08 16:17:10][default]ProcessBai run
[2019-05-08 16:17:15][default]ProcessBai run
[2019-05-08 16:17:20][default]ProcessBai run
[2019-05-08 16:17:25][default]ProcessBai run
[2019-05-08 16:17:30][default]ProcessBai run
[2019-05-08 16:17:35][default]ProcessBai run
[2019-05-08 16:17:40][default]ProcessBai run
[2019-05-08 16:17:45][default]ProcessBai run
[2019-05-08 16:17:50][default]ProcessBai run
[2019-05-08 16:17:55][default]ProcessBai run
[2019-05-08 16:18:00][default]ProcessBai run
[2019-05-08 16:18:05][default]ProcessBai run
[2019-05-08 16:18:10][default]ProcessBai run
[2019-05-08 16:18:15][default]ProcessBai run
[2019-05-08 16:18:20][default]ProcessBai run
[2019-05-08 16:18:25][default]ProcessBai run
[2019-05-08 16:18:30][default]ProcessBai run
[2019-05-08 16:18:35][default]ProcessBai run
[2019-05-08 16:18:40][default]ProcessBai run
[2019-05-08 16:18:45][default]ProcessBai run
[2019-05-08 16:18:50][default]ProcessBai run
[2019-05-08 16:18:55][default]ProcessBai run
[2019-05-08 16:19:00][default]ProcessBai run
[2019-05-08 16:19:05][default]ProcessBai run
[2019-05-08 16:19:10][default]ProcessBai run
[2019-05-08 16:19:15][default]ProcessBai run
[2019-05-08 16:19:20][default]ProcessBai run
[2019-05-08 16:19:26][default]ProcessBai run
[2019-05-08 16:19:31][default]ProcessBai run
[2019-05-08 16:19:36][default]ProcessBai run
[2019-05-08 16:19:41][default]ProcessBai run
[2019-05-08 16:19:46][default]ProcessBai run
[2019-05-08 16:19:51][default]ProcessBai run
[2019-05-08 16:19:56][default]ProcessBai run
[2019-05-08 16:20:01][default]ProcessBai run
[2019-05-08 16:20:06][default]ProcessBai run
[2019-05-08 16:20:11][default]ProcessBai run
[2019-05-08 16:20:16][default]ProcessBai run
[2019-05-08 16:20:21][default]ProcessBai run
[2019-05-08 16:20:26][default]ProcessBai run
[2019-05-08 16:20:31][default]ProcessBai run
[2019-05-08 16:20:36][default]ProcessBai run
[2019-05-08 16:20:41][default]ProcessBai run
[2019-05-08 16:20:46][default]ProcessBai run
[2019-05-08 16:20:51][default]ProcessBai run
[2019-05-08 16:20:56][default]ProcessBai run
[2019-05-08 16:21:01][default]ProcessBai run
[2019-05-08 16:21:06][default]ProcessBai run
[2019-05-08 16:21:11][default]ProcessBai run
[2019-05-08 16:21:16][default]ProcessBai run
[2019-05-08 16:21:21][default]ProcessBai run
[2019-05-08 16:21:26][default]ProcessBai run
[2019-05-08 16:21:31][default]ProcessBai run
[2019-05-08 16:21:36][default]ProcessBai run
[2019-05-08 16:21:41][default]ProcessBai run
[2019-05-08 16:21:46][default]ProcessBai run
[2019-05-08 16:21:51][default]ProcessBai run
[2019-05-08 16:21:56][default]ProcessBai run
[2019-05-08 16:22:01][default]ProcessBai run
[2019-05-08 16:22:06][default]ProcessBai run
[2019-05-08 16:22:11][default]ProcessBai run
[2019-05-08 16:22:16][default]ProcessBai run
[2019-05-08 16:22:21][default]ProcessBai run
[2019-05-08 16:22:27][default]ProcessBai run
[2019-05-08 16:22:32][default]ProcessBai run
[2019-05-08 16:22:37][default]ProcessBai run
[2019-05-08 16:22:42][default]ProcessBai run
[2019-05-08 16:22:47][default]ProcessBai run
[2019-05-08 16:22:52][default]ProcessBai run
[2019-05-08 16:22:57][default]ProcessBai run
[2019-05-08 16:23:02][default]ProcessBai run
[2019-05-08 16:23:07][default]ProcessBai run
[2019-05-08 16:23:12][default]ProcessBai run
[2019-05-08 16:23:17][default]ProcessBai run
[2019-05-08 16:23:22][default]ProcessBai run
[2019-05-08 16:23:27][default]ProcessBai run
[2019-05-08 16:23:32][default]ProcessBai run
[2019-05-08 16:23:37][default]ProcessBai run
[2019-05-08 16:23:42][default]ProcessBai run
[2019-05-08 16:23:47][default]ProcessBai run
[2019-05-08 16:23:52][default]ProcessBai run
[2019-05-08 16:23:57][default]ProcessBai run
[2019-05-08 16:24:02][default]ProcessBai run
[2019-05-08 16:24:07][default]ProcessBai run
[2019-05-08 16:24:12][default]ProcessBai run
[2019-05-08 16:24:17][default]ProcessBai run
[2019-05-08 16:24:22][default]ProcessBai run
[2019-05-08 16:24:27][default]ProcessBai run
[2019-05-08 16:24:32][default]ProcessBai run
[2019-05-08 16:24:37][default]ProcessBai run
[2019-05-08 16:24:42][default]ProcessBai run
[2019-05-08 16:24:47][default]ProcessBai run
[2019-05-08 16:24:52][default]ProcessBai run
[2019-05-08 16:24:57][default]ProcessBai run
[2019-05-08 16:25:02][default]ProcessBai run
[2019-05-08 16:25:31][default]ProcessBai start
[2019-05-08 16:25:36][default]ProcessBai run
[2019-05-08 16:25:41][default]ProcessBai run
[2019-05-08 16:25:46][default]ProcessBai run
[2019-05-08 16:25:51][default]ProcessBai run
[2019-05-08 16:25:56][default]ProcessBai run
[2019-05-08 16:26:01][default]ProcessBai run
[2019-05-08 16:26:06][default]ProcessBai run
[2019-05-08 16:26:11][default]ProcessBai run
[2019-05-08 16:26:16][default]ProcessBai run
[2019-05-08 16:26:21][default]ProcessBai run
[2019-05-08 16:26:26][default]ProcessBai run
[2019-05-08 16:26:39][default]ProcessBai start
[2019-05-08 16:26:44][default]ProcessBai run
[2019-05-08 16:26:49][default]ProcessBai run
[2019-05-08 16:26:54][default]ProcessBai run
[2019-05-08 16:26:59][default]ProcessBai run
[2019-05-08 16:27:04][default]ProcessBai run
[2019-05-08 16:27:09][default]ProcessBai run
[2019-05-08 16:27:14][default]ProcessBai run
[2019-05-08 16:27:19][default]ProcessBai run
[2019-05-08 16:27:31][default]ProcessBai start
[2019-05-08 16:27:36][default]ProcessBai run
[2019-05-08 16:27:41][default]ProcessBai run
[2019-05-08 16:27:46][default]ProcessBai run
[2019-05-08 16:27:51][default]ProcessBai run
[2019-05-08 16:27:56][default]ProcessBai run
[2019-05-08 16:28:01][default]ProcessBai run
[2019-05-08 16:28:06][default]ProcessBai run
[2019-05-08 16:28:11][default]ProcessBai run
[2019-05-08 16:28:16][default]ProcessBai run
[2019-05-08 16:28:21][default]ProcessBai run
[2019-05-08 16:28:26][default]ProcessBai run
[2019-05-08 16:28:31][default]ProcessBai run
[2019-05-08 16:28:36][default]ProcessBai run
[2019-05-08 16:28:41][default]ProcessBai run
[2019-05-08 16:28:46][default]ProcessBai run
[2019-05-08 16:28:51][default]ProcessBai run
[2019-05-08 16:28:57][default]ProcessBai run
[2019-05-08 16:29:02][default]ProcessBai run
[2019-05-08 16:29:07][default]ProcessBai run
[2019-05-08 16:29:12][default]ProcessBai run
[2019-05-08 16:29:17][default]ProcessBai run
[2019-05-08 16:29:22][default]ProcessBai run
[2019-05-08 16:29:27][default]ProcessBai run
[2019-05-08 16:29:32][default]ProcessBai run
[2019-05-08 16:29:37][default]ProcessBai run
[2019-05-08 16:29:42][default]ProcessBai run
[2019-05-08 16:29:47][default]ProcessBai run
[2019-05-08 16:29:52][default]ProcessBai run
[2019-05-08 16:29:57][default]ProcessBai run
[2019-05-08 16:30:02][default]ProcessBai run
[2019-05-08 16:30:07][default]ProcessBai run
[2019-05-08 16:30:12][default]ProcessBai run
[2019-05-08 16:30:17][default]ProcessBai run
[2019-05-08 16:30:22][default]ProcessBai run
[2019-05-08 16:30:27][default]ProcessBai run
[2019-05-08 16:30:32][default]ProcessBai run
[2019-05-08 16:30:37][default]ProcessBai run
[2019-05-08 16:30:42][default]ProcessBai run
[2019-05-08 16:30:47][default]ProcessBai run
[2019-05-08 16:30:52][default]ProcessBai run
[2019-05-08 16:30:57][default]ProcessBai run
[2019-05-08 16:31:02][default]ProcessBai run
[2019-05-08 16:31:07][default]ProcessBai run
[2019-05-08 16:31:12][default]ProcessBai run
[2019-05-08 16:31:17][default]ProcessBai run
[2019-05-08 16:31:22][default]ProcessBai run
[2019-05-08 16:31:27][default]ProcessBai run
[2019-05-08 16:31:32][default]ProcessBai run
[2019-05-08 16:31:37][default]ProcessBai run
[2019-05-08 16:31:42][default]ProcessBai run
[2019-05-08 16:31:47][default]ProcessBai run
[2019-05-08 16:31:52][default]ProcessBai run
[2019-05-08 16:31:57][default]ProcessBai run
[2019-05-08 16:32:02][default]ProcessBai run
[2019-05-08 16:32:08][default]ProcessBai run
[2019-05-08 16:32:13][default]ProcessBai run
[2019-05-08 16:32:18][default]ProcessBai run
[2019-05-08 16:32:23][default]ProcessBai run
[2019-05-08 16:32:28][default]ProcessBai run
[2019-05-08 16:32:33][default]ProcessBai run
[2019-05-08 16:32:38][default]ProcessBai run
[2019-05-08 16:32:43][default]ProcessBai run
[2019-05-08 16:32:48][default]ProcessBai run
[2019-05-08 16:32:53][default]ProcessBai run
[2019-05-08 16:32:58][default]ProcessBai run
[2019-05-08 16:33:03][default]ProcessBai run
[2019-05-08 16:33:08][default]ProcessBai run
[2019-05-08 16:33:13][default]ProcessBai run
[2019-05-08 16:33:18][default]ProcessBai run
[2019-05-08 16:33:23][default]ProcessBai run
[2019-05-08 16:33:28][default]ProcessBai run
[2019-05-08 16:33:33][default]ProcessBai run
[2019-05-08 16:33:38][default]ProcessBai run
[2019-05-08 16:33:43][default]ProcessBai run
[2019-05-08 16:33:48][default]ProcessBai run
[2019-05-08 16:33:53][default]ProcessBai run
[2019-05-08 16:33:58][default]ProcessBai run
[2019-05-08 16:34:03][default]ProcessBai run
[2019-05-08 16:34:08][default]ProcessBai run
[2019-05-08 16:34:13][default]ProcessBai run
[2019-05-08 16:34:18][default]ProcessBai run
[2019-05-08 16:34:23][default]ProcessBai run
[2019-05-08 16:34:28][default]ProcessBai run
[2019-05-08 16:34:33][default]ProcessBai run
[2019-05-08 16:34:38][default]ProcessBai run
[2019-05-08 16:34:43][default]ProcessBai run
[2019-05-08 16:34:48][default]ProcessBai run
[2019-05-08 16:34:53][default]ProcessBai run
[2019-05-08 16:34:59][default]ProcessBai run
[2019-05-08 16:35:04][default]ProcessBai run
[2019-05-08 16:35:09][default]ProcessBai run
[2019-05-08 16:35:14][default]ProcessBai run
[2019-05-08 16:35:19][default]ProcessBai run
[2019-05-08 16:35:24][default]ProcessBai run
[2019-05-08 16:35:29][default]ProcessBai run
[2019-05-08 16:35:34][default]ProcessBai run
[2019-05-08 16:35:39][default]ProcessBai run
[2019-05-08 16:35:44][default]ProcessBai run
[2019-05-08 16:35:49][default]ProcessBai run
[2019-05-08 16:35:54][default]ProcessBai run
[2019-05-08 16:35:59][default]ProcessBai run
[2019-05-08 16:36:04][default]ProcessBai run
[2019-05-08 16:36:09][default]ProcessBai run
[2019-05-08 16:36:14][default]ProcessBai run
[2019-05-08 16:36:19][default]ProcessBai run
[2019-05-08 16:36:25][default]ProcessBai run
[2019-05-08 16:36:30][default]ProcessBai run
[2019-05-08 16:36:35][default]ProcessBai run
[2019-05-08 16:36:40][default]ProcessBai run
[2019-05-08 16:36:45][default]ProcessBai run
[2019-05-08 16:36:50][default]ProcessBai run
[2019-05-08 16:36:55][default]ProcessBai run
[2019-05-08 16:37:00][default]ProcessBai run
[2019-05-08 16:37:05][default]ProcessBai run
[2019-05-08 16:37:10][default]ProcessBai run
[2019-05-08 16:37:15][default]ProcessBai run
[2019-05-08 16:37:20][default]ProcessBai run
[2019-05-08 16:37:25][default]ProcessBai run
[2019-05-08 16:37:30][default]ProcessBai run
[2019-05-08 16:37:35][default]ProcessBai run
[2019-05-08 16:37:40][default]ProcessBai run
[2019-05-08 16:37:45][default]ProcessBai run
[2019-05-08 16:37:50][default]ProcessBai run
[2019-05-08 16:37:55][default]ProcessBai run
[2019-05-08 16:38:00][default]ProcessBai run
[2019-05-08 16:38:05][default]ProcessBai run
[2019-05-08 16:38:10][default]ProcessBai run
[2019-05-08 16:38:15][default]ProcessBai run
[2019-05-08 16:38:20][default]ProcessBai run
[2019-05-08 16:38:25][default]ProcessBai run
[2019-05-08 16:38:30][default]ProcessBai run
[2019-05-08 16:38:35][default]ProcessBai run
[2019-05-08 16:38:40][default]ProcessBai run
[2019-05-08 16:38:45][default]ProcessBai run
[2019-05-08 16:38:50][default]ProcessBai run
[2019-05-08 16:38:55][default]ProcessBai run
[2019-05-08 16:39:01][default]ProcessBai run
[2019-05-08 16:39:06][default]ProcessBai run
[2019-05-08 16:39:15][default]ProcessBai start
[2019-05-08 16:39:20][default]ProcessBai run
[2019-05-08 16:39:25][default]ProcessBai run
[2019-05-08 16:39:30][default]ProcessBai run
[2019-05-08 16:39:35][default]ProcessBai run
[2019-05-08 16:41:38][default]ProcessBai start
[2019-05-08 16:41:43][default]ProcessBai run
[2019-05-08 16:41:48][default]ProcessBai run
[2019-05-08 16:41:53][default]ProcessBai run
[2019-05-08 16:46:29][default]ProcessBai start
[2019-05-08 16:46:34][default]ProcessBai428
[2019-05-08 16:46:39][default]ProcessBai428
[2019-05-08 16:46:44][default]ProcessBai428
[2019-05-08 16:46:49][default]ProcessBai428
[2019-05-08 16:46:54][default]ProcessBai428
[2019-05-08 16:46:59][default]ProcessBai428
[2019-05-08 16:47:04][default]ProcessBai428
[2019-05-08 16:47:09][default]ProcessBai428
[2019-05-08 16:47:14][default]ProcessBai428
[2019-05-08 16:47:19][default]ProcessBai428
[2019-05-08 16:47:24][default]ProcessBai428
[2019-05-08 16:47:29][default]ProcessBai428
[2019-05-08 16:47:53][default]ProcessBai start
[2019-05-08 16:47:53][default]ProcessBai get 123213
[2019-05-08 16:47:58][default]ProcessBai450
[2019-05-08 16:48:03][default]ProcessBai450
[2019-05-08 16:48:08][default]ProcessBai450
[2019-05-08 16:48:13][default]ProcessBai450
[2019-05-08 16:48:18][default]ProcessBai450
[2019-05-08 16:48:23][default]ProcessBai450
[2019-05-08 16:48:28][default]ProcessBai450
[2019-05-08 16:48:33][default]ProcessBai450
[2019-05-08 16:48:38][default]ProcessBai450
[2019-05-08 16:48:43][default]ProcessBai450
[2019-05-08 16:48:48][default]ProcessBai450
[2019-05-08 16:48:53][default]ProcessBai450
[2019-05-08 16:48:58][default]ProcessBai450
[2019-05-08 16:49:03][default]ProcessBai450
[2019-05-08 16:49:09][default]ProcessBai450
[2019-05-08 16:49:14][default]ProcessBai450
[2019-05-08 16:49:19][default]ProcessBai450
[2019-05-08 16:49:24][default]ProcessBai450
[2019-05-08 16:49:29][default]ProcessBai450
[2019-05-08 16:49:34][default]ProcessBai450
[2019-05-08 16:49:39][default]ProcessBai450
[2019-05-08 16:49:44][default]ProcessBai450
[2019-05-08 16:49:49][default]ProcessBai450
[2019-05-08 16:49:54][default]ProcessBai450
[2019-05-08 16:49:59][default]ProcessBai450
[2019-05-08 16:50:04][default]ProcessBai450
[2019-05-08 16:50:09][default]ProcessBai450
[2019-05-08 16:50:14][default]ProcessBai450
[2019-05-08 16:50:19][default]ProcessBai450
[2019-05-08 16:50:24][default]ProcessBai450
[2019-05-08 16:50:29][default]ProcessBai450
[2019-05-08 16:50:34][default]ProcessBai450
[2019-05-08 16:50:39][default]ProcessBai450
[2019-05-08 16:50:44][default]ProcessBai450
[2019-05-08 16:50:49][default]ProcessBai450
[2019-05-08 16:50:54][default]ProcessBai450
[2019-05-08 16:50:59][default]ProcessBai450
[2019-05-08 16:51:04][default]ProcessBai450
[2019-05-08 16:51:09][default]ProcessBai450
[2019-05-08 16:51:14][default]ProcessBai450
[2019-05-08 16:51:19][default]ProcessBai450
[2019-05-08 16:51:24][default]ProcessBai450
[2019-05-08 16:51:29][default]ProcessBai450
[2019-05-08 16:51:34][default]ProcessBai450
[2019-05-08 16:51:39][default]ProcessBai450
[2019-05-08 16:51:44][default]ProcessBai450
[2019-05-08 16:51:49][default]ProcessBai450
[2019-05-08 16:51:54][default]ProcessBai450
[2019-05-08 16:52:00][default]ProcessBai450
[2019-05-08 16:52:05][default]ProcessBai450
[2019-05-08 16:52:10][default]ProcessBai450
[2019-05-08 16:52:15][default]ProcessBai450
[2019-05-08 16:52:20][default]ProcessBai450
[2019-05-08 16:52:25][default]ProcessBai450
[2019-05-08 16:52:30][default]ProcessBai450
[2019-05-08 16:52:35][default]ProcessBai450
[2019-05-08 16:52:40][default]ProcessBai450
[2019-05-08 16:52:45][default]ProcessBai450
[2019-05-08 16:52:50][default]ProcessBai450
[2019-05-08 16:52:55][default]ProcessBai450
[2019-05-08 16:53:00][default]ProcessBai450
[2019-05-08 16:53:05][default]ProcessBai450
[2019-05-08 16:53:10][default]ProcessBai450
[2019-05-08 16:53:15][default]ProcessBai450
[2019-05-08 16:53:20][default]ProcessBai450
[2019-05-08 16:53:25][default]ProcessBai450
[2019-05-08 16:53:30][default]ProcessBai450
[2019-05-08 16:53:35][default]ProcessBai450
[2019-05-08 16:53:40][default]ProcessBai450
[2019-05-08 16:53:45][default]ProcessBai450
[2019-05-08 16:53:50][default]ProcessBai450
[2019-05-08 16:53:55][default]ProcessBai450
[2019-05-08 16:54:00][default]ProcessBai450
[2019-05-08 16:54:05][default]ProcessBai450
[2019-05-08 16:54:10][default]ProcessBai450
[2019-05-08 16:54:15][default]ProcessBai450
[2019-05-08 16:54:20][default]ProcessBai450
[2019-05-08 16:54:25][default]ProcessBai450
[2019-05-08 16:54:30][default]ProcessBai450
[2019-05-08 16:54:35][default]ProcessBai450
[2019-05-08 16:54:41][default]ProcessBai450
[2019-05-08 16:54:46][default]ProcessBai450
[2019-05-08 16:54:51][default]ProcessBai450
[2019-05-08 16:54:56][default]ProcessBai450
[2019-05-08 16:55:01][default]ProcessBai450
[2019-05-08 16:55:06][default]ProcessBai450
[2019-05-08 16:55:11][default]ProcessBai450
[2019-05-08 16:55:16][default]ProcessBai450
[2019-05-08 16:55:21][default]ProcessBai450
[2019-05-08 16:55:26][default]ProcessBai450
[2019-05-08 16:55:31][default]ProcessBai450
[2019-05-08 16:55:36][default]ProcessBai450
[2019-05-08 16:55:41][default]ProcessBai450
[2019-05-08 16:55:46][default]ProcessBai450
[2019-05-08 16:55:51][default]ProcessBai450
[2019-05-08 16:55:56][default]ProcessBai450
[2019-05-08 16:56:01][default]ProcessBai450
[2019-05-08 16:56:06][default]ProcessBai450
[2019-05-08 16:56:11][default]ProcessBai450
[2019-05-08 16:56:16][default]ProcessBai450
[2019-05-08 16:56:21][default]ProcessBai450
[2019-05-08 16:56:26][default]ProcessBai450
[2019-05-08 16:56:31][default]ProcessBai450
[2019-05-08 16:56:36][default]ProcessBai450
[2019-05-08 16:56:41][default]ProcessBai450
[2019-05-08 16:56:46][default]ProcessBai450
[2019-05-08 16:56:51][default]ProcessBai450
[2019-05-08 16:56:56][default]ProcessBai450
[2019-05-08 16:57:01][default]ProcessBai450
[2019-05-08 16:57:07][default]ProcessBai450
[2019-05-08 16:59:49][default]ProcessBai start
[2019-05-08 16:59:54][default]ProcessBai471
[2019-05-08 16:59:59][default]ProcessBai471
[2019-05-08 17:00:04][default]ProcessBai471
[2019-05-08 17:00:09][default]ProcessBai471
[2019-05-08 17:00:40][default]ProcessBai start
[2019-05-08 17:00:45][default]ProcessBai492
[2019-05-08 17:00:50][default]ProcessBai492
[2019-05-08 17:02:34][default]ProcessBai start
[2019-05-08 17:02:39][default]ProcessBai513
[2019-05-08 17:02:44][default]ProcessBai513
[2019-05-08 17:02:49][default]ProcessBai513
[2019-05-08 17:02:54][default]ProcessBai513
[2019-05-08 17:04:33][default]ProcessBai start
[2019-05-08 17:04:33][default]ProcessBai get 123213
[2019-05-08 17:04:38][default]ProcessBai536
[2019-05-08 17:05:35][default]ProcessBai start
[2019-05-08 17:05:40][default]ProcessBai557
[2019-05-08 17:05:45][default]ProcessBai557
[2019-05-08 17:05:50][default]ProcessBai557
[2019-05-08 17:09:17][default]ProcessBai start
[2019-05-08 17:09:22][default]ProcessBai579
[2019-05-08 17:09:27][default]ProcessBai579
[2019-05-08 17:10:40][default]ProcessBai start
[2019-05-08 17:10:40][default]ProcessBai get 123213
[2019-05-08 17:10:45][default]ProcessBai600
[2019-05-08 17:11:24][default]ProcessBai start
[2019-05-08 17:11:24][default]ProcessBai get 123213
[2019-05-08 17:13:54][default]ProcessBai start
[2019-05-08 17:15:07][default]ProcessBai start
[2019-05-08 17:15:49][default]ProcessBai start
[2019-05-08 17:15:49][default]ProcessBai get 12321323
[2019-05-08 17:23:52][default]ProcessBai start
[2019-05-08 17:36:31][default]ProcessBai start
[2019-05-08 17:36:31][default]ProcessBai get 123213
[2019-05-08 18:24:48][default]ProcessBai start
[2019-05-08 18:24:49][default]ProcessBai start
[2019-05-08 18:24:50][default]ProcessBai start
[2019-05-08 18:24:51][default]ProcessBai start
[2019-05-08 18:24:52][default]ProcessBai start
[2019-05-08 18:24:53][default]ProcessBai start
[2019-05-08 18:24:55][default]ProcessBai start
[2019-05-08 18:24:56][default]ProcessBai start
[2019-05-08 18:24:57][default]ProcessBai start
[2019-05-08 18:24:58][default]ProcessBai start
[2019-05-08 18:24:59][default]ProcessBai start
[2019-05-08 18:25:00][default]ProcessBai start
[2019-05-08 18:25:23][default]ProcessBai start
[2019-05-08 18:26:49][default]ProcessBai start
[2019-05-10 16:42:11][default]ProcessBai end 
[2019-05-10 16:46:54][default]ProcessBai end 
[2019-05-10 18:07:54][default]ProcessBai end 
[2019-05-16 16:47:01][default]ProcessBai end 
