2019-05-07,09:05:1557220693 : ./App/HttpController/ OPEN Router.php was modify
2019-05-07,09:05:1557220693 : ./App/HttpController/ CLOSE_NOWRITE,CLOSE Router.php was modify
2019-05-07,09:05:1557220693 : ./App/HttpController/ OPEN Test.php was modify
2019-05-07,09:05:1557220693 : ./App/HttpController/ CLOSE_NOWRITE,CLOSE Test.php was modify
2019-05-07,09:05:1557220693 : ./App/HttpController/ OPEN Router.php was modify
2019-05-07,09:05:1557220693 : ./App/HttpController/ CLOSE_NOWRITE,CLOSE Router.php was modify
2019-05-07,09:05:1557220693 : ./App/HttpController/ OPEN Router.php was modify
2019-05-07,09:05:1557220693 : ./App/HttpController/ CLOSE_NOWRITE,CLOSE Router.php was modify
2019-05-07,09:05:1557220693 : ./App/HttpController/ OPEN Router.php was modify
2019-05-07,09:05:1557220693 : ./App/HttpController/ CLOSE_NOWRITE,CLOSE Router.php was modify
2019-05-07,09:05:1557220693 : ./App/HttpController/ OPEN Router.php was modify
2019-05-07,09:05:1557220693 : ./App/HttpController/ CLOSE_NOWRITE,CLOSE Router.php was modify
2019-05-07,09:05:1557220693 : ./App/HttpController/ OPEN Router.php was modify
2019-05-07,09:05:1557220693 : ./App/HttpController/ CLOSE_NOWRITE,CLOSE Router.php was modify
2019-05-07,09:05:1557220693 : ./App/HttpController/ OPEN Index.php was modify
2019-05-07,09:05:1557220693 : ./App/HttpController/ CLOSE_NOWRITE,CLOSE Index.php was modify
2019-05-07,09:05:1557220693 : ./App/HttpController/ OPEN Router.php was modify
2019-05-07,09:05:1557220693 : ./App/HttpController/ CLOSE_NOWRITE,CLOSE Router.php was modify
2019-05-07,09:05:1557220693 : ./App/HttpController/ OPEN Index.php was modify
2019-05-07,09:05:1557220693 : ./App/HttpController/ CLOSE_NOWRITE,CLOSE Index.php was modify
2019-05-07,09:05:1557220693 : ./App/HttpController/ OPEN Router.php was modify
2019-05-07,09:05:1557220693 : ./App/HttpController/ CLOSE_NOWRITE,CLOSE Router.php was modify
2019-05-07,09:05:1557220693 : ./App/HttpController/ OPEN Router.php was modify
2019-05-07,09:05:1557220693 : ./App/HttpController/ CLOSE_NOWRITE,CLOSE Router.php was modify
2019-05-07,09:05:1557220693 : ./App/HttpController/ OPEN Router.php was modify
2019-05-07,09:05:1557220693 : ./App/HttpController/ CLOSE_NOWRITE,CLOSE Router.php was modify
2019-05-07,09:05:1557220693 : ./App/HttpController/ OPEN Router.php was modify
2019-05-07,09:05:1557220693 : ./App/HttpController/ CLOSE_NOWRITE,CLOSE Router.php was modify
2019-05-07,09:05:1557220693 : ./App/HttpController/ OPEN Router.php was modify
2019-05-07,09:05:1557220693 : ./App/HttpController/ CLOSE_NOWRITE,CLOSE Router.php was modify
2019-05-07,09:05:1557220693 : ./App/HttpController/ OPEN Router.php was modify
2019-05-07,09:05:1557220693 : ./App/HttpController/ CLOSE_NOWRITE,CLOSE Router.php was modify
2019-05-07,09:05:1557220693 : ./App/HttpController/ OPEN Index.php was modify
2019-05-07,09:05:1557220693 : ./App/HttpController/ CLOSE_NOWRITE,CLOSE Index.php was modify
2019-05-07,09:05:1557220693 : ./App/HttpController/ OPEN Router.php was modify
2019-05-07,09:05:1557220693 : ./App/HttpController/ CLOSE_NOWRITE,CLOSE Router.php was modify
2019-05-07,09:05:1557220693 : ./App/HttpController/ OPEN Test.php was modify
2019-05-07,09:05:1557220693 : ./App/HttpController/ CLOSE_NOWRITE,CLOSE Test.php was modify
2019-05-07,09:05:1557220693 : ./App/HttpController/ OPEN Router.php was modify
2019-05-07,09:05:1557220693 : ./App/HttpController/ CLOSE_NOWRITE,CLOSE Router.php was modify
2019-05-07,09:05:1557220693 : ./App/HttpController/ OPEN Router.php was modify
2019-05-07,09:05:1557220693 : ./App/HttpController/ CLOSE_NOWRITE,CLOSE Router.php was modify
2019-05-07,09:05:1557220693 : ./App/HttpController/ OPEN Test.php was modify
2019-05-07,09:05:1557220693 : ./App/HttpController/ CLOSE_NOWRITE,CLOSE Test.php was modify
2019-05-07,09:05:1557220693 : ./App/HttpController/ OPEN Base.php was modify
2019-05-07,09:05:1557220693 : ./App/HttpController/ CLOSE_NOWRITE,CLOSE Base.php was modify
2019-05-07,09:05:1557220693 : ./App/HttpController/ OPEN Router.php was modify
2019-05-07,09:05:1557220693 : ./App/HttpController/ CLOSE_NOWRITE,CLOSE Router.php was modify
2019-05-07,09:05:1557220693 : ./App/HttpController/ OPEN Test.php was modify
2019-05-07,09:05:1557220693 : ./App/HttpController/ CLOSE_NOWRITE,CLOSE Test.php was modify
2019-05-07,09:05:1557220693 : ./App/HttpController/ OPEN Base.php was modify
2019-05-07,09:05:1557220693 : ./App/HttpController/ CLOSE_NOWRITE,CLOSE Base.php was modify
2019-05-07,09:05:1557220693 : ./App/HttpController/ OPEN Router.php was modify
2019-05-07,09:05:1557220693 : ./App/HttpController/ CLOSE_NOWRITE,CLOSE Router.php was modify
2019-05-07,09:05:1557220693 : ./App/HttpController/ OPEN Test.php was modify
2019-05-07,09:05:1557220693 : ./App/HttpController/ CLOSE_NOWRITE,CLOSE Test.php was modify
2019-05-07,09:05:1557220693 : ./App/HttpController/ OPEN Base.php was modify
2019-05-07,09:05:1557220693 : ./App/HttpController/ CLOSE_NOWRITE,CLOSE Base.php was modify
2019-05-07,09:05:1557220693 : ./App/HttpController/ OPEN Router.php was modify
2019-05-07,09:05:1557220693 : ./App/HttpController/ CLOSE_NOWRITE,CLOSE Router.php was modify
2019-05-07,09:05:1557220693 : ./App/HttpController/ OPEN Test.php was modify
2019-05-07,09:05:1557220693 : ./App/HttpController/ CLOSE_NOWRITE,CLOSE Test.php was modify
2019-05-07,09:05:1557220693 : ./App/HttpController/ OPEN Base.php was modify
2019-05-07,09:05:1557220693 : ./App/HttpController/ CLOSE_NOWRITE,CLOSE Base.php was modify
2019-05-07,09:05:1557220693 : ./App/HttpController/ OPEN Router.php was modify
2019-05-07,09:05:1557220693 : ./App/HttpController/ CLOSE_NOWRITE,CLOSE Router.php was modify
2019-05-07,09:05:1557220693 : ./App/HttpController/ OPEN Test.php was modify
2019-05-07,09:05:1557220693 : ./App/HttpController/ CLOSE_NOWRITE,CLOSE Test.php was modify
2019-05-07,09:05:1557220693 : ./App/HttpController/ OPEN Base.php was modify
2019-05-07,09:05:1557220693 : ./App/HttpController/ CLOSE_NOWRITE,CLOSE Base.php was modify
2019-05-07,09:05:1557220693 : ./App/HttpController/ OPEN Router.php was modify
2019-05-07,09:05:1557220693 : ./App/HttpController/ CLOSE_NOWRITE,CLOSE Router.php was modify
2019-05-07,09:05:1557220693 : ./App/HttpController/ OPEN Test.php was modify
2019-05-07,09:05:1557220693 : ./App/HttpController/ CLOSE_NOWRITE,CLOSE Test.php was modify
2019-05-07,09:05:1557220693 : ./App/HttpController/ OPEN Base.php was modify
2019-05-07,09:05:1557220693 : ./App/HttpController/ CLOSE_NOWRITE,CLOSE Base.php was modify
2019-05-07,09:05:1557220693 : ./App/HttpController/ OPEN Router.php was modify
2019-05-07,09:05:1557220693 : ./App/HttpController/ CLOSE_NOWRITE,CLOSE Router.php was modify
2019-05-07,09:05:1557220693 : ./App/HttpController/ OPEN Router.php was modify
2019-05-07,09:05:1557220693 : ./App/HttpController/ CLOSE_NOWRITE,CLOSE Router.php was modify
2019-05-07,09:05:1557220693 : ./App/HttpController/ OPEN Router.php was modify
2019-05-07,09:05:1557220693 : ./App/HttpController/ CLOSE_NOWRITE,CLOSE Router.php was modify
2019-05-07,09:05:1557220693 : ./App/HttpController/ OPEN Router.php was modify
2019-05-07,09:05:1557220693 : ./App/HttpController/ CLOSE_NOWRITE,CLOSE Router.php was modify
2019-05-07,09:05:1557220693 : ./App/HttpController/ OPEN Router.php was modify
2019-05-07,09:05:1557220693 : ./App/HttpController/ CLOSE_NOWRITE,CLOSE Router.php was modify
2019-05-07,09:05:1557220693 : ./App/HttpController/ OPEN Router.php was modify
2019-05-07,09:05:1557220693 : ./App/HttpController/ CLOSE_NOWRITE,CLOSE Router.php was modify
2019-05-07,09:05:1557220693 : ./App/HttpController/ OPEN Router.php was modify
2019-05-07,09:05:1557220693 : ./App/HttpController/ CLOSE_NOWRITE,CLOSE Router.php was modify
2019-05-07,09:05:1557220693 : ./App/HttpController/ OPEN Index.php was modify
2019-05-07,09:05:1557220693 : ./App/HttpController/ CLOSE_NOWRITE,CLOSE Index.php was modify
2019-05-07,09:05:1557220693 : ./App/HttpController/ OPEN Router.php was modify
2019-05-07,09:05:1557220693 : ./App/HttpController/ CLOSE_NOWRITE,CLOSE Router.php was modify
2019-05-07,09:05:1557220693 : ./App/HttpController/ OPEN Router.php was modify
2019-05-07,09:05:1557220693 : ./App/HttpController/ CLOSE_NOWRITE,CLOSE Router.php was modify
2019-05-07,09:05:1557220693 : ./App/HttpController/ OPEN Index.php was modify
2019-05-07,09:05:1557220693 : ./App/HttpController/ CLOSE_NOWRITE,CLOSE Index.php was modify
2019-05-07,09:05:1557220693 : ./App/HttpController/ OPEN Router.php was modify
2019-05-07,09:05:1557220693 : ./App/HttpController/ CLOSE_NOWRITE,CLOSE Router.php was modify
2019-05-07,09:05:1557220693 : ./App/HttpController/ OPEN Index.php was modify
2019-05-07,09:05:1557220693 : ./App/HttpController/ CLOSE_NOWRITE,CLOSE Index.php was modify
2019-05-07,09:05:1557220693 : ./App/HttpController/ OPEN Router.php was modify
2019-05-07,09:05:1557220693 : ./App/HttpController/ CLOSE_NOWRITE,CLOSE Router.php was modify
2019-05-07,09:05:1557220693 : ./App/HttpController/ OPEN Router.php was modify
2019-05-07,09:05:1557220693 : ./App/HttpController/ CLOSE_NOWRITE,CLOSE Router.php was modify
2019-05-07,09:05:1557220693 : ./App/HttpController/ OPEN Router.php was modify
2019-05-07,09:05:1557220693 : ./App/HttpController/ CLOSE_NOWRITE,CLOSE Router.php was modify
2019-05-07,09:05:1557220693 : ./App/HttpController/ OPEN Test.php was modify
2019-05-07,09:05:1557220693 : ./App/HttpController/ CLOSE_NOWRITE,CLOSE Test.php was modify
2019-05-07,09:05:1557220693 : ./App/HttpController/ OPEN Base.php was modify
2019-05-07,09:05:1557220693 : ./App/HttpController/ CLOSE_NOWRITE,CLOSE Base.php was modify
2019-05-07,09:05:1557220693 : ./App/HttpController/ OPEN Router.php was modify
2019-05-07,09:05:1557220693 : ./App/HttpController/ CLOSE_NOWRITE,CLOSE Router.php was modify
2019-05-07,09:05:1557220693 : ./App/HttpController/ OPEN Test.php was modify
2019-05-07,09:05:1557220693 : ./App/HttpController/ CLOSE_NOWRITE,CLOSE Test.php was modify
2019-05-07,09:05:1557220693 : ./App/HttpController/ OPEN Base.php was modify
2019-05-07,09:05:1557220693 : ./App/HttpController/ CLOSE_NOWRITE,CLOSE Base.php was modify
2019-05-07,09:05:1557220693 : ./App/HttpController/ OPEN Router.php was modify
2019-05-07,09:05:1557220693 : ./App/HttpController/ CLOSE_NOWRITE,CLOSE Router.php was modify
2019-05-07,09:05:1557220693 : ./App/HttpController/ OPEN Test.php was modify
2019-05-07,09:05:1557220693 : ./App/HttpController/ CLOSE_NOWRITE,CLOSE Test.php was modify
2019-05-07,09:05:1557220693 : ./App/HttpController/ OPEN Base.php was modify
2019-05-07,09:05:1557220693 : ./App/HttpController/ CLOSE_NOWRITE,CLOSE Base.php was modify
2019-05-07,09:05:1557220693 : ./App/HttpController/ OPEN Router.php was modify
2019-05-07,09:05:1557220693 : ./App/HttpController/ CLOSE_NOWRITE,CLOSE Router.php was modify
2019-05-07,09:05:1557220693 : ./App/HttpController/ OPEN Test.php was modify
2019-05-07,09:05:1557220693 : ./App/HttpController/ CLOSE_NOWRITE,CLOSE Test.php was modify
2019-05-07,09:05:1557220693 : ./App/HttpController/ OPEN Base.php was modify
2019-05-07,09:05:1557220693 : ./App/HttpController/ CLOSE_NOWRITE,CLOSE Base.php was modify
2019-05-07,09:05:1557220693 : ./App/HttpController/ OPEN Router.php was modify
2019-05-07,09:05:1557220693 : ./App/HttpController/ CLOSE_NOWRITE,CLOSE Router.php was modify
2019-05-07,09:05:1557220693 : ./App/HttpController/ OPEN Test.php was modify
2019-05-07,09:05:1557220693 : ./App/HttpController/ CLOSE_NOWRITE,CLOSE Test.php was modify
2019-05-07,09:05:1557220693 : ./App/HttpController/ OPEN Base.php was modify
2019-05-07,09:05:1557220693 : ./App/HttpController/ CLOSE_NOWRITE,CLOSE Base.php was modify
2019-05-07,09:05:1557220693 : ./App/HttpController/ OPEN Router.php was modify
2019-05-07,09:05:1557220693 : ./App/HttpController/ CLOSE_NOWRITE,CLOSE Router.php was modify
2019-05-07,09:05:1557220693 : ./App/HttpController/ OPEN Test.php was modify
2019-05-07,09:05:1557220693 : ./App/HttpController/ CLOSE_NOWRITE,CLOSE Test.php was modify
2019-05-07,09:05:1557220693 : ./App/HttpController/ OPEN Base.php was modify
2019-05-07,09:05:1557220693 : ./App/HttpController/ CLOSE_NOWRITE,CLOSE Base.php was modify
2019-05-07,09:05:1557220693 : ./App/HttpController/ OPEN Router.php was modify
2019-05-07,09:05:1557220693 : ./App/HttpController/ CLOSE_NOWRITE,CLOSE Router.php was modify
2019-05-07,09:05:1557220693 : ./App/HttpController/ OPEN Test.php was modify
2019-05-07,09:05:1557220693 : ./App/HttpController/ CLOSE_NOWRITE,CLOSE Test.php was modify
2019-05-07,09:05:1557220693 : ./App/HttpController/ OPEN Base.php was modify
2019-05-07,09:05:1557220693 : ./App/HttpController/ CLOSE_NOWRITE,CLOSE Base.php was modify
2019-05-07,09:05:1557220693 : ./App/HttpController/ OPEN Router.php was modify
2019-05-07,09:05:1557220693 : ./App/HttpController/ CLOSE_NOWRITE,CLOSE Router.php was modify
2019-05-07,09:05:1557220693 : ./App/HttpController/ OPEN Test.php was modify
2019-05-07,09:05:1557220693 : ./App/HttpController/ CLOSE_NOWRITE,CLOSE Test.php was modify
2019-05-07,09:05:1557220693 : ./App/HttpController/ OPEN Base.php was modify
2019-05-07,09:05:1557220693 : ./App/HttpController/ CLOSE_NOWRITE,CLOSE Base.php was modify
2019-05-07,09:05:1557220693 : ./App/HttpController/ OPEN Router.php was modify
2019-05-07,09:05:1557220693 : ./App/HttpController/ CLOSE_NOWRITE,CLOSE Router.php was modify
2019-05-07,09:05:1557220693 : ./App/HttpController/ OPEN Test.php was modify
2019-05-07,09:05:1557220693 : ./App/HttpController/ CLOSE_NOWRITE,CLOSE Test.php was modify
2019-05-07,09:05:1557220693 : ./App/HttpController/ OPEN Base.php was modify
2019-05-07,09:05:1557220693 : ./App/HttpController/ CLOSE_NOWRITE,CLOSE Base.php was modify
2019-05-07,09:05:1557220693 : ./App/HttpController/ OPEN Router.php was modify
2019-05-07,09:05:1557220693 : ./App/HttpController/ CLOSE_NOWRITE,CLOSE Router.php was modify
2019-05-07,09:05:1557220693 : ./App/HttpController/ OPEN Test.php was modify
2019-05-07,09:05:1557220693 : ./App/HttpController/ CLOSE_NOWRITE,CLOSE Test.php was modify
2019-05-07,09:05:1557220693 : ./App/HttpController/ OPEN Base.php was modify
2019-05-07,09:05:1557220693 : ./App/HttpController/ CLOSE_NOWRITE,CLOSE Base.php was modify
2019-05-07,09:05:1557220693 : ./App/HttpController/ OPEN Router.php was modify
2019-05-07,09:05:1557220693 : ./App/HttpController/ CLOSE_NOWRITE,CLOSE Router.php was modify
2019-05-07,09:05:1557220693 : ./App/HttpController/ OPEN Router.php was modify
2019-05-07,09:05:1557220693 : ./App/HttpController/ CLOSE_NOWRITE,CLOSE Router.php was modify
2019-05-07,09:05:1557220693 : ./App/HttpController/ OPEN Router.php was modify
2019-05-07,09:05:1557220693 : ./App/HttpController/ CLOSE_NOWRITE,CLOSE Router.php was modify
2019-05-07,09:05:1557220693 : ./App/HttpController/ OPEN Router.php was modify
2019-05-07,09:05:1557220693 : ./App/HttpController/ CLOSE_NOWRITE,CLOSE Router.php was modify
2019-05-07,09:05:1557220693 : ./App/HttpController/ OPEN Router.php was modify
2019-05-07,09:05:1557220693 : ./App/HttpController/ CLOSE_NOWRITE,CLOSE Router.php was modify
2019-05-07,09:05:1557220693 : ./App/HttpController/ OPEN Router.php was modify
2019-05-07,09:05:1557220693 : ./App/HttpController/ CLOSE_NOWRITE,CLOSE Router.php was modify
2019-05-07,09:05:1557220693 : ./App/HttpController/ OPEN Router.php was modify
2019-05-07,09:05:1557220693 : ./App/HttpController/ CLOSE_NOWRITE,CLOSE Router.php was modify
2019-05-07,09:05:1557220693 : ./App/HttpController/ OPEN Router.php was modify
2019-05-07,09:05:1557220693 : ./App/HttpController/ CLOSE_NOWRITE,CLOSE Router.php was modify
2019-05-07,09:05:1557220693 : ./App/HttpController/ OPEN Router.php was modify
2019-05-07,09:05:1557220693 : ./App/HttpController/ CLOSE_NOWRITE,CLOSE Router.php was modify
2019-05-07,09:05:1557220693 : ./App/HttpController/ OPEN Router.php was modify
2019-05-07,09:05:1557220693 : ./App/HttpController/ CLOSE_NOWRITE,CLOSE Router.php was modify
2019-05-07,09:05:1557220693 : ./App/HttpController/ OPEN Router.php was modify
2019-05-07,09:05:1557220693 : ./App/HttpController/ CLOSE_NOWRITE,CLOSE Router.php was modify
2019-05-07,09:05:1557220693 : ./App/HttpController/ OPEN Router.php was modify
2019-05-07,09:05:1557220693 : ./App/HttpController/ CLOSE_NOWRITE,CLOSE Router.php was modify
2019-05-07,09:05:1557220693 : ./App/HttpController/ OPEN Router.php was modify
2019-05-07,09:05:1557220693 : ./App/HttpController/ CLOSE_NOWRITE,CLOSE Router.php was modify
2019-05-07,09:05:1557220693 : ./App/HttpController/ OPEN Router.php was modify
2019-05-07,09:05:1557220693 : ./App/HttpController/ CLOSE_NOWRITE,CLOSE Router.php was modify
